<?xml version="1.0" encoding="UTF-8"?>
<!-- Generated by org.testng.reporters.JUnitReportReporter -->
<testsuite name="main.java.com.Tests.DMA_Smoke_SimpleLogin" tests="1" time="5.609" ignored="4" failures="0" timestamp="26 Feb 2020 20:20:53 GMT" skipped="0" hostname="usazemety0078" errors="0">
  <testcase name="simpleLogin" time="5.609" classname="main.java.com.Tests.DMA_Smoke_SimpleLogin"/>
  <testcase name="verifyRequiredCode" classname="main.java.com.Tests.DMA_Regression_VerifyRequiredCode">
    <skipped/>
  </testcase> <!-- verifyRequiredCode -->
  <testcase name="mobileLogin" classname="main.java.com.Tests.Amazon_iOS_Android_Mobileapp_CreateUser_Validation">
    <skipped/>
  </testcase> <!-- mobileLogin -->
  <testcase name="encryptText" classname="main.java.com.Tests.EncryptText">
    <skipped/>
  </testcase> <!-- encryptText -->
  <testcase name="mobileLogin" classname="main.java.com.Tests.USB_VB_iOSBrowser_ClaimsPageValidation">
    <skipped/>
  </testcase> <!-- mobileLogin -->
  <testcase name="LoginToTheApp" classname="main.java.com.Tests.USB_VB_iOSBrowser_LogInToApp">
  </testcase>
  <testcase name="SignInWithLogon" classname="main.java.com.Tests.USB_VB_iOSBrowser_SignInWithLogon">
    <failure message="iterable contents differ at index [75], expected: &lt;PropX.ShortName=NameXyz&gt; but was: &lt;PropX.ShortName=NameAbc&gt;" type="junit.framework.AssertionFailedError">junit.framework.AssertionFailedError: iterable contents differ at index [75], expected: &lt;PropX.ShortName=NameXyz&gt; but was: &lt;PropX.ShortName=NameAbc&gt;
      at Test_XyzDynamic.lambda$null$2(Test_XyzDynamic.java:41)
      at java.util.Optional.ifPresent(Optional.java:159)
      at java.util.ArrayList.forEach(ArrayList.java:1257)
      at java.util.ArrayList.forEach(ArrayList.java:1257)
    </failure>
  </testcase>
  <testcase name="ClickSignUp" classname="main.java.com.Tests.USB_VB_iOSBrowser_ClickSignUp">
    <skipped />
  </testcase>
  <testcase name="SignOut" classname="main.java.com.Tests.USB_VB_iOSBrowser_SignOut">
    <error message="iterable contents differ at index [75], expected: &lt;PropX.ShortName=NameXyz&gt; but was: &lt;PropX.ShortName=NameAbc&gt;" type="junit.framework.AssertionFailedError">junit.framework.AssertionFailedError: iterable contents differ at index [75], expected: &lt;PropX.ShortName=NameXyz&gt; but was: &lt;PropX.ShortName=NameAbc&gt;
      at Test_XyzDynamic.lambda$null$2(Test_XyzDynamic.java:41)
      at java.util.Optional.ifPresent(Optional.java:159)
      at java.util.ArrayList.forEach(ArrayList.java:1257)
      at java.util.ArrayList.forEach(ArrayList.java:1257)
    </error>
  </testcase>
  <testcase name="SetPreferences" classname="main.java.com.Tests.USB_VB_iOSBrowser_SetPreferences">
  </testcase>
</testsuite> <!-- main.java.com.Tests.DMA_Smoke_SimpleLogin -->
